<?xml version="1.0" encoding="UTF-8"?>
<!-- Generated by org.testng.reporters.JUnitXMLReporter -->
<testsuite ignored="0" hostname="DESKTOP-9FMQBDK" failures="0" tests="4" name="HighPTest" time="10.42" errors="0" timestamp="2022-05-28T07:32:10 IST">
  <testcase classname="com.SauceDemo.TestClasses.TC04SingleProductAddToCart" name="singleProductAddToCart" time="0.22"/>
  <testcase classname="com.SauceDemo.TestClasses.TC07LogoutFunctionality" name="logoutFunctionalitty" time="0.161"/>
  <testcase classname="com.SauceDemo.TestClasses.TC01LoginFunctionality" name="loginFunctionalityTest" time="0.346"/>
  <testcase classname="com.SauceDemo.TestClasses.TC10MultipleProductAddToCart" name="multipleProductAddToCart" time="0.314"/>
</testsuite> <!-- HighPTest -->
